2025-04-30 06:58:22.391 [info] [main] Log level: Info
2025-04-30 06:58:22.391 [info] [main] Validating found git in: "git"
2025-04-30 06:58:22.391 [info] [main] Using git "2.43.0" from "git"
2025-04-30 06:58:22.391 [info] [Model][doInitialScan] Initial repository scan started
2025-04-30 06:58:22.404 [info] > git rev-parse --show-toplevel [16ms]
2025-04-30 06:58:22.408 [info] > git rev-parse --git-dir --git-common-dir [1ms]
2025-04-30 06:58:22.418 [info] [Model][openRepository] Opened repository: /var/www
2025-04-30 06:58:22.432 [info] > git config --get commit.template [3ms]
2025-04-30 06:58:22.435 [info] > git rev-parse --show-toplevel [6ms]
2025-04-30 06:58:22.441 [info] > git rev-parse --show-toplevel [1ms]
2025-04-30 06:58:22.444 [info] > git rev-parse --show-toplevel [1ms]
2025-04-30 06:58:22.446 [info] > git for-each-ref --format=%(refname)%00%(upstream:short)%00%(objectname)%00%(upstream:track)%00%(upstream:remotename)%00%(upstream:remoteref) refs/heads/main refs/remotes/main [9ms]
2025-04-30 06:58:22.447 [info] > git rev-parse --show-toplevel [1ms]
2025-04-30 06:58:22.458 [info] > git rev-parse --show-toplevel [1ms]
2025-04-30 06:58:22.458 [info] > git for-each-ref --sort -committerdate --format %(refname)%00%(objectname)%00%(*objectname) [4ms]
2025-04-30 06:58:22.462 [info] > git rev-parse --show-toplevel [0ms]
2025-04-30 06:58:22.465 [info] [Model][doInitialScan] Initial repository scan completed - repositories (1), closed repositories (0), parent repositories (0), unsafe repositories (0)
2025-04-30 06:58:22.471 [info] > git status -z -uall [21ms]
2025-04-30 06:58:22.797 [info] > git for-each-ref --format=%(refname)%00%(upstream:short)%00%(objectname)%00%(upstream:track)%00%(upstream:remotename)%00%(upstream:remoteref) refs/heads/main refs/remotes/main [276ms]
2025-04-30 06:58:22.839 [info] > git config --get --local branch.main.vscode-merge-base [2ms]
2025-04-30 06:58:22.839 [warning] [Git][config] git config failed: Failed to execute git
2025-04-30 06:58:22.842 [info] > git config --get commit.template [46ms]
2025-04-30 06:58:22.846 [info] > git for-each-ref --format=%(refname)%00%(upstream:short)%00%(objectname)%00%(upstream:track)%00%(upstream:remotename)%00%(upstream:remoteref) refs/heads/main refs/remotes/main [2ms]
2025-04-30 06:58:22.854 [info] > git for-each-ref --sort -committerdate --format %(refname)%00%(objectname)%00%(*objectname) [0ms]
2025-04-30 06:58:22.870 [info] > git status -z -uall [20ms]
2025-04-30 06:58:22.894 [info] > git for-each-ref --format=%(refname)%00%(upstream:short)%00%(objectname)%00%(upstream:track)%00%(upstream:remotename)%00%(upstream:remoteref) refs/heads/main refs/remotes/main [2ms]
2025-04-30 06:58:22.898 [info] > git reflog main --grep-reflog=branch: Created from *. [56ms]
2025-04-30 06:58:22.925 [info] > git config --get --local branch.main.vscode-merge-base [27ms]
2025-04-30 06:58:22.925 [warning] [Git][config] git config failed: Failed to execute git
2025-04-30 06:58:22.942 [info] > git check-ignore -v -z --stdin [8ms]
2025-04-30 06:58:22.942 [info] > git reflog main --grep-reflog=branch: Created from *. [13ms]
2025-04-30 06:58:22.948 [info] > git symbolic-ref --short refs/remotes/origin/HEAD [44ms]
2025-04-30 06:58:22.953 [info] > git for-each-ref --format=%(refname)%00%(upstream:short)%00%(objectname)%00%(upstream:track)%00%(upstream:remotename)%00%(upstream:remoteref) refs/heads/origin/main refs/remotes/origin/main [1ms]
2025-04-30 06:58:22.957 [info] > git symbolic-ref --short refs/remotes/origin/HEAD [9ms]
2025-04-30 06:58:22.962 [info] > git for-each-ref --format=%(refname)%00%(upstream:short)%00%(objectname)%00%(upstream:track)%00%(upstream:remotename)%00%(upstream:remoteref) refs/heads/origin/main refs/remotes/origin/main [1ms]
2025-04-30 06:58:22.964 [info] > git config --add --local branch.main.vscode-merge-base origin/main [7ms]
2025-04-30 06:58:23.333 [info] > git config --get commit.template [233ms]
2025-04-30 06:58:23.333 [info] > git config --add --local branch.main.vscode-merge-base origin/main [369ms]
2025-04-30 06:58:23.340 [info] > git config --get commit.template [3ms]
2025-04-30 06:58:23.344 [info] > git for-each-ref --format=%(refname)%00%(upstream:short)%00%(objectname)%00%(upstream:track)%00%(upstream:remotename)%00%(upstream:remoteref) refs/heads/main refs/remotes/main [5ms]
2025-04-30 06:58:23.351 [info] > git for-each-ref --format=%(refname)%00%(upstream:short)%00%(objectname)%00%(upstream:track)%00%(upstream:remotename)%00%(upstream:remoteref) refs/heads/main refs/remotes/main [4ms]
2025-04-30 06:58:23.354 [info] > git for-each-ref --format=%(refname)%00%(upstream:short)%00%(objectname)%00%(upstream:track)%00%(upstream:remotename)%00%(upstream:remoteref) refs/heads/main refs/remotes/main [12ms]
2025-04-30 06:58:23.354 [info] > git merge-base refs/heads/main refs/remotes/origin/main [4ms]
2025-04-30 06:58:23.358 [info] > git config --get --local branch.main.vscode-merge-base [4ms]
2025-04-30 06:58:23.360 [info] > git diff --name-status -z --diff-filter=ADMR 9d4de67ab57c0d148b8860f092a5b56076bc7ad6...refs/remotes/origin/main [3ms]
2025-04-30 06:58:23.369 [info] > git for-each-ref --format=%(refname)%00%(upstream:short)%00%(objectname)%00%(upstream:track)%00%(upstream:remotename)%00%(upstream:remoteref) refs/heads/origin/main refs/remotes/origin/main [9ms]
2025-04-30 06:58:23.370 [info] > git for-each-ref --sort -committerdate --format %(refname)%00%(objectname)%00%(*objectname) [2ms]
2025-04-30 06:58:23.384 [info] > git status -z -uall [21ms]
2025-04-30 06:58:25.933 [info] > git config --get commit.template [4ms]
2025-04-30 06:58:25.934 [info] > git for-each-ref --format=%(refname)%00%(upstream:short)%00%(objectname)%00%(upstream:track)%00%(upstream:remotename)%00%(upstream:remoteref) refs/heads/main refs/remotes/main [2ms]
2025-04-30 06:58:25.941 [info] > git for-each-ref --sort -committerdate --format %(refname)%00%(objectname)%00%(*objectname) [2ms]
2025-04-30 06:58:25.955 [info] > git status -z -uall [19ms]
2025-04-30 06:58:28.423 [info] > git check-ignore -v -z --stdin [1ms]
2025-04-30 06:58:30.985 [info] > git config --get commit.template [3ms]
2025-04-30 06:58:30.986 [info] > git for-each-ref --format=%(refname)%00%(upstream:short)%00%(objectname)%00%(upstream:track)%00%(upstream:remotename)%00%(upstream:remoteref) refs/heads/main refs/remotes/main [1ms]
2025-04-30 06:58:30.994 [info] > git for-each-ref --sort -committerdate --format %(refname)%00%(objectname)%00%(*objectname) [2ms]
2025-04-30 06:58:31.008 [info] > git status -z -uall [19ms]
2025-04-30 06:58:33.735 [info] > git check-ignore -v -z --stdin [1ms]
2025-04-30 06:58:35.277 [info] > git ls-files --stage -- html/index.html [4ms]
2025-04-30 06:58:35.366 [info] > git cat-file -s 10cdccd29278fbd72fac4bdeaf7e9ebee9bc6fb0 [85ms]
2025-04-30 06:58:35.380 [info] > git show --textconv :html/index.html [111ms]
2025-04-30 06:58:36.031 [info] > git config --get commit.template [4ms]
2025-04-30 06:58:36.031 [info] > git for-each-ref --format=%(refname)%00%(upstream:short)%00%(objectname)%00%(upstream:track)%00%(upstream:remotename)%00%(upstream:remoteref) refs/heads/main refs/remotes/main [1ms]
2025-04-30 06:58:36.040 [info] > git for-each-ref --sort -committerdate --format %(refname)%00%(objectname)%00%(*objectname) [2ms]
2025-04-30 06:58:36.057 [info] > git status -z -uall [22ms]
2025-04-30 06:58:41.090 [info] > git config --get commit.template [3ms]
2025-04-30 06:58:41.091 [info] > git for-each-ref --format=%(refname)%00%(upstream:short)%00%(objectname)%00%(upstream:track)%00%(upstream:remotename)%00%(upstream:remoteref) refs/heads/main refs/remotes/main [2ms]
2025-04-30 06:58:41.098 [info] > git for-each-ref --sort -committerdate --format %(refname)%00%(objectname)%00%(*objectname) [1ms]
2025-04-30 06:58:41.113 [info] > git status -z -uall [20ms]
