2025-04-30 16:16:57.711 [info] [main] Log level: Info
2025-04-30 16:16:57.711 [info] [main] Validating found git in: "git"
2025-04-30 16:16:57.711 [info] [main] Using git "2.43.0" from "git"
2025-04-30 16:16:57.711 [info] [Model][doInitialScan] Initial repository scan started
2025-04-30 16:16:57.711 [info] > git rev-parse --show-toplevel [18ms]
2025-04-30 16:16:57.711 [info] > git rev-parse --git-dir --git-common-dir [2ms]
2025-04-30 16:16:57.711 [info] [Model][openRepository] Opened repository: /var/www
2025-04-30 16:16:57.719 [info] > git rev-parse --show-toplevel [1ms]
2025-04-30 16:16:57.720 [info] > git config --get commit.template [5ms]
2025-04-30 16:16:57.728 [info] > git rev-parse --show-toplevel [5ms]
2025-04-30 16:16:57.732 [info] > git for-each-ref --format=%(refname)%00%(upstream:short)%00%(objectname)%00%(upstream:track)%00%(upstream:remotename)%00%(upstream:remoteref) refs/heads/main refs/remotes/main [5ms]
2025-04-30 16:16:57.734 [info] > git rev-parse --show-toplevel [3ms]
2025-04-30 16:16:57.749 [info] > git rev-parse --show-toplevel [12ms]
2025-04-30 16:16:57.755 [info] > git for-each-ref --sort -committerdate --format %(refname)%00%(objectname)%00%(*objectname) [8ms]
2025-04-30 16:16:57.760 [info] > git rev-parse --show-toplevel [5ms]
2025-04-30 16:16:57.764 [info] > git rev-parse --show-toplevel [0ms]
2025-04-30 16:16:57.770 [info] > git rev-parse --show-toplevel [2ms]
2025-04-30 16:16:57.775 [info] [Model][doInitialScan] Initial repository scan completed - repositories (1), closed repositories (0), parent repositories (0), unsafe repositories (0)
2025-04-30 16:16:57.778 [info] > git status -z -uall [37ms]
2025-04-30 16:16:58.210 [info] > git for-each-ref --format=%(refname)%00%(upstream:short)%00%(objectname)%00%(upstream:track)%00%(upstream:remotename)%00%(upstream:remoteref) refs/heads/main refs/remotes/main [335ms]
2025-04-30 16:16:58.240 [info] > git config --get --local branch.main.vscode-merge-base [26ms]
2025-04-30 16:16:58.243 [info] > git config --get commit.template [48ms]
2025-04-30 16:16:58.249 [info] > git for-each-ref --format=%(refname)%00%(upstream:short)%00%(objectname)%00%(upstream:track)%00%(upstream:remotename)%00%(upstream:remoteref) refs/heads/main refs/remotes/main [2ms]
2025-04-30 16:16:58.250 [info] > git for-each-ref --format=%(refname)%00%(upstream:short)%00%(objectname)%00%(upstream:track)%00%(upstream:remotename)%00%(upstream:remoteref) refs/heads/origin/main refs/remotes/origin/main [8ms]
2025-04-30 16:16:58.255 [info] > git merge-base refs/heads/main refs/remotes/origin/main [2ms]
2025-04-30 16:16:58.269 [info] > git diff --name-status -z --diff-filter=ADMR 9d4de67ab57c0d148b8860f092a5b56076bc7ad6...refs/remotes/origin/main [9ms]
2025-04-30 16:16:58.271 [info] > git for-each-ref --sort -committerdate --format %(refname)%00%(objectname)%00%(*objectname) [2ms]
2025-04-30 16:16:58.292 [info] > git status -z -uall [28ms]
2025-04-30 16:16:58.398 [info] > git show --textconv :html/index.html [41ms]
2025-04-30 16:16:58.400 [info] > git ls-files --stage -- html/index.html [37ms]
2025-04-30 16:16:58.645 [info] > git cat-file -s 10cdccd29278fbd72fac4bdeaf7e9ebee9bc6fb0 [243ms]
2025-04-30 16:16:58.797 [info] > git check-ignore -v -z --stdin [6ms]
2025-04-30 16:16:59.118 [info] > git blame --root --incremental 9d4de67ab57c0d148b8860f092a5b56076bc7ad6 -- html/index.html [70ms]
2025-04-30 16:17:02.303 [info] > git config --get commit.template [3ms]
2025-04-30 16:17:02.304 [info] > git for-each-ref --format=%(refname)%00%(upstream:short)%00%(objectname)%00%(upstream:track)%00%(upstream:remotename)%00%(upstream:remoteref) refs/heads/main refs/remotes/main [2ms]
2025-04-30 16:17:02.312 [info] > git for-each-ref --sort -committerdate --format %(refname)%00%(objectname)%00%(*objectname) [2ms]
2025-04-30 16:17:02.327 [info] > git status -z -uall [20ms]
2025-04-30 16:17:07.363 [info] > git config --get commit.template [4ms]
2025-04-30 16:17:07.364 [info] > git for-each-ref --format=%(refname)%00%(upstream:short)%00%(objectname)%00%(upstream:track)%00%(upstream:remotename)%00%(upstream:remoteref) refs/heads/main refs/remotes/main [2ms]
2025-04-30 16:17:07.371 [info] > git for-each-ref --sort -committerdate --format %(refname)%00%(objectname)%00%(*objectname) [1ms]
2025-04-30 16:17:07.386 [info] > git status -z -uall [20ms]
2025-04-30 16:17:12.417 [info] > git config --get commit.template [3ms]
2025-04-30 16:17:12.418 [info] > git for-each-ref --format=%(refname)%00%(upstream:short)%00%(objectname)%00%(upstream:track)%00%(upstream:remotename)%00%(upstream:remoteref) refs/heads/main refs/remotes/main [2ms]
2025-04-30 16:17:12.427 [info] > git for-each-ref --sort -committerdate --format %(refname)%00%(objectname)%00%(*objectname) [3ms]
2025-04-30 16:17:12.441 [info] > git status -z -uall [20ms]
2025-04-30 16:17:17.469 [info] > git config --get commit.template [3ms]
2025-04-30 16:17:17.470 [info] > git for-each-ref --format=%(refname)%00%(upstream:short)%00%(objectname)%00%(upstream:track)%00%(upstream:remotename)%00%(upstream:remoteref) refs/heads/main refs/remotes/main [2ms]
2025-04-30 16:17:17.478 [info] > git for-each-ref --sort -committerdate --format %(refname)%00%(objectname)%00%(*objectname) [2ms]
2025-04-30 16:17:17.493 [info] > git status -z -uall [20ms]
2025-04-30 16:17:22.522 [info] > git config --get commit.template [3ms]
2025-04-30 16:17:22.524 [info] > git for-each-ref --format=%(refname)%00%(upstream:short)%00%(objectname)%00%(upstream:track)%00%(upstream:remotename)%00%(upstream:remoteref) refs/heads/main refs/remotes/main [2ms]
2025-04-30 16:17:22.531 [info] > git for-each-ref --sort -committerdate --format %(refname)%00%(objectname)%00%(*objectname) [1ms]
2025-04-30 16:17:22.547 [info] > git status -z -uall [21ms]
2025-04-30 16:17:27.573 [info] > git config --get commit.template [4ms]
2025-04-30 16:17:27.574 [info] > git for-each-ref --format=%(refname)%00%(upstream:short)%00%(objectname)%00%(upstream:track)%00%(upstream:remotename)%00%(upstream:remoteref) refs/heads/main refs/remotes/main [2ms]
2025-04-30 16:17:27.582 [info] > git for-each-ref --sort -committerdate --format %(refname)%00%(objectname)%00%(*objectname) [2ms]
2025-04-30 16:17:27.596 [info] > git status -z -uall [19ms]
2025-04-30 16:17:32.622 [info] > git config --get commit.template [4ms]
2025-04-30 16:17:32.623 [info] > git for-each-ref --format=%(refname)%00%(upstream:short)%00%(objectname)%00%(upstream:track)%00%(upstream:remotename)%00%(upstream:remoteref) refs/heads/main refs/remotes/main [2ms]
2025-04-30 16:17:32.631 [info] > git for-each-ref --sort -committerdate --format %(refname)%00%(objectname)%00%(*objectname) [1ms]
2025-04-30 16:17:32.647 [info] > git status -z -uall [21ms]
2025-04-30 16:17:37.674 [info] > git config --get commit.template [3ms]
2025-04-30 16:17:37.675 [info] > git for-each-ref --format=%(refname)%00%(upstream:short)%00%(objectname)%00%(upstream:track)%00%(upstream:remotename)%00%(upstream:remoteref) refs/heads/main refs/remotes/main [2ms]
2025-04-30 16:17:37.684 [info] > git for-each-ref --sort -committerdate --format %(refname)%00%(objectname)%00%(*objectname) [1ms]
2025-04-30 16:17:37.699 [info] > git status -z -uall [20ms]
2025-04-30 16:17:42.727 [info] > git config --get commit.template [3ms]
2025-04-30 16:17:42.728 [info] > git for-each-ref --format=%(refname)%00%(upstream:short)%00%(objectname)%00%(upstream:track)%00%(upstream:remotename)%00%(upstream:remoteref) refs/heads/main refs/remotes/main [2ms]
2025-04-30 16:17:42.737 [info] > git for-each-ref --sort -committerdate --format %(refname)%00%(objectname)%00%(*objectname) [2ms]
2025-04-30 16:17:42.752 [info] > git status -z -uall [21ms]
2025-04-30 16:17:47.777 [info] > git config --get commit.template [3ms]
2025-04-30 16:17:47.779 [info] > git for-each-ref --format=%(refname)%00%(upstream:short)%00%(objectname)%00%(upstream:track)%00%(upstream:remotename)%00%(upstream:remoteref) refs/heads/main refs/remotes/main [2ms]
2025-04-30 16:17:47.787 [info] > git for-each-ref --sort -committerdate --format %(refname)%00%(objectname)%00%(*objectname) [2ms]
2025-04-30 16:17:47.802 [info] > git status -z -uall [20ms]
2025-04-30 16:17:52.825 [info] > git config --get commit.template [1ms]
2025-04-30 16:17:52.830 [info] > git for-each-ref --format=%(refname)%00%(upstream:short)%00%(objectname)%00%(upstream:track)%00%(upstream:remotename)%00%(upstream:remoteref) refs/heads/main refs/remotes/main [2ms]
2025-04-30 16:17:52.839 [info] > git for-each-ref --sort -committerdate --format %(refname)%00%(objectname)%00%(*objectname) [2ms]
2025-04-30 16:17:52.856 [info] > git status -z -uall [23ms]
2025-04-30 16:18:48.719 [info] > git config --get commit.template [4ms]
2025-04-30 16:18:48.719 [info] > git for-each-ref --format=%(refname)%00%(upstream:short)%00%(objectname)%00%(upstream:track)%00%(upstream:remotename)%00%(upstream:remoteref) refs/heads/main refs/remotes/main [1ms]
2025-04-30 16:18:48.727 [info] > git for-each-ref --sort -committerdate --format %(refname)%00%(objectname)%00%(*objectname) [2ms]
2025-04-30 16:18:48.744 [info] > git status -z -uall [22ms]
2025-04-30 16:18:53.781 [info] > git config --get commit.template [3ms]
2025-04-30 16:18:53.787 [info] > git for-each-ref --format=%(refname)%00%(upstream:short)%00%(objectname)%00%(upstream:track)%00%(upstream:remotename)%00%(upstream:remoteref) refs/heads/main refs/remotes/main [6ms]
2025-04-30 16:18:53.826 [info] > git for-each-ref --sort -committerdate --format %(refname)%00%(objectname)%00%(*objectname) [17ms]
2025-04-30 16:18:53.832 [info] > git status -z -uall [29ms]
2025-04-30 16:18:58.380 [info] > git check-ignore -v -z --stdin [2ms]
2025-04-30 16:18:58.864 [info] > git config --get commit.template [3ms]
2025-04-30 16:18:58.865 [info] > git for-each-ref --format=%(refname)%00%(upstream:short)%00%(objectname)%00%(upstream:track)%00%(upstream:remotename)%00%(upstream:remoteref) refs/heads/main refs/remotes/main [1ms]
2025-04-30 16:18:58.873 [info] > git for-each-ref --sort -committerdate --format %(refname)%00%(objectname)%00%(*objectname) [1ms]
2025-04-30 16:18:58.890 [info] > git status -z -uall [22ms]
2025-04-30 16:19:03.942 [info] > git config --get commit.template [3ms]
2025-04-30 16:19:03.943 [info] > git for-each-ref --format=%(refname)%00%(upstream:short)%00%(objectname)%00%(upstream:track)%00%(upstream:remotename)%00%(upstream:remoteref) refs/heads/main refs/remotes/main [1ms]
2025-04-30 16:19:03.951 [info] > git for-each-ref --sort -committerdate --format %(refname)%00%(objectname)%00%(*objectname) [1ms]
2025-04-30 16:19:03.966 [info] > git status -z -uall [20ms]
2025-04-30 16:19:08.994 [info] > git config --get commit.template [3ms]
2025-04-30 16:19:08.995 [info] > git for-each-ref --format=%(refname)%00%(upstream:short)%00%(objectname)%00%(upstream:track)%00%(upstream:remotename)%00%(upstream:remoteref) refs/heads/main refs/remotes/main [2ms]
2025-04-30 16:19:09.003 [info] > git for-each-ref --sort -committerdate --format %(refname)%00%(objectname)%00%(*objectname) [2ms]
2025-04-30 16:19:09.017 [info] > git status -z -uall [19ms]
2025-04-30 16:19:11.456 [info] > git check-ignore -v -z --stdin [2ms]
2025-04-30 16:19:14.048 [info] > git config --get commit.template [3ms]
2025-04-30 16:19:14.049 [info] > git for-each-ref --format=%(refname)%00%(upstream:short)%00%(objectname)%00%(upstream:track)%00%(upstream:remotename)%00%(upstream:remoteref) refs/heads/main refs/remotes/main [1ms]
2025-04-30 16:19:14.057 [info] > git for-each-ref --sort -committerdate --format %(refname)%00%(objectname)%00%(*objectname) [1ms]
2025-04-30 16:19:14.071 [info] > git status -z -uall [19ms]
2025-04-30 16:20:33.860 [info] > git config --get commit.template [5ms]
2025-04-30 16:20:33.860 [info] > git for-each-ref --format=%(refname)%00%(upstream:short)%00%(objectname)%00%(upstream:track)%00%(upstream:remotename)%00%(upstream:remoteref) refs/heads/main refs/remotes/main [1ms]
2025-04-30 16:20:33.875 [info] > git for-each-ref --sort -committerdate --format %(refname)%00%(objectname)%00%(*objectname) [4ms]
2025-04-30 16:20:33.890 [info] > git status -z -uall [26ms]
2025-04-30 16:20:38.939 [info] > git config --get commit.template [4ms]
2025-04-30 16:20:38.939 [info] > git for-each-ref --format=%(refname)%00%(upstream:short)%00%(objectname)%00%(upstream:track)%00%(upstream:remotename)%00%(upstream:remoteref) refs/heads/main refs/remotes/main [1ms]
2025-04-30 16:20:38.947 [info] > git for-each-ref --sort -committerdate --format %(refname)%00%(objectname)%00%(*objectname) [1ms]
2025-04-30 16:20:38.965 [info] > git status -z -uall [23ms]
2025-04-30 16:20:44.002 [info] > git config --get commit.template [4ms]
2025-04-30 16:20:44.003 [info] > git for-each-ref --format=%(refname)%00%(upstream:short)%00%(objectname)%00%(upstream:track)%00%(upstream:remotename)%00%(upstream:remoteref) refs/heads/main refs/remotes/main [2ms]
2025-04-30 16:20:44.010 [info] > git for-each-ref --sort -committerdate --format %(refname)%00%(objectname)%00%(*objectname) [1ms]
2025-04-30 16:20:44.034 [info] > git status -z -uall [28ms]
2025-04-30 16:20:49.098 [info] > git config --get commit.template [4ms]
2025-04-30 16:20:49.099 [info] > git for-each-ref --format=%(refname)%00%(upstream:short)%00%(objectname)%00%(upstream:track)%00%(upstream:remotename)%00%(upstream:remoteref) refs/heads/main refs/remotes/main [2ms]
2025-04-30 16:20:49.109 [info] > git for-each-ref --sort -committerdate --format %(refname)%00%(objectname)%00%(*objectname) [2ms]
2025-04-30 16:20:49.126 [info] > git status -z -uall [23ms]
2025-04-30 16:20:54.164 [info] > git config --get commit.template [4ms]
2025-04-30 16:20:54.165 [info] > git for-each-ref --format=%(refname)%00%(upstream:short)%00%(objectname)%00%(upstream:track)%00%(upstream:remotename)%00%(upstream:remoteref) refs/heads/main refs/remotes/main [2ms]
2025-04-30 16:20:54.173 [info] > git for-each-ref --sort -committerdate --format %(refname)%00%(objectname)%00%(*objectname) [2ms]
2025-04-30 16:20:54.190 [info] > git status -z -uall [22ms]
2025-04-30 16:20:58.762 [info] > git check-ignore -v -z --stdin [2ms]
2025-04-30 16:20:59.225 [info] > git config --get commit.template [3ms]
2025-04-30 16:20:59.226 [info] > git for-each-ref --format=%(refname)%00%(upstream:short)%00%(objectname)%00%(upstream:track)%00%(upstream:remotename)%00%(upstream:remoteref) refs/heads/main refs/remotes/main [2ms]
2025-04-30 16:20:59.233 [info] > git for-each-ref --sort -committerdate --format %(refname)%00%(objectname)%00%(*objectname) [1ms]
2025-04-30 16:20:59.251 [info] > git status -z -uall [22ms]
2025-04-30 16:21:04.286 [info] > git config --get commit.template [3ms]
2025-04-30 16:21:04.287 [info] > git for-each-ref --format=%(refname)%00%(upstream:short)%00%(objectname)%00%(upstream:track)%00%(upstream:remotename)%00%(upstream:remoteref) refs/heads/main refs/remotes/main [1ms]
2025-04-30 16:21:04.296 [info] > git for-each-ref --sort -committerdate --format %(refname)%00%(objectname)%00%(*objectname) [1ms]
2025-04-30 16:21:04.314 [info] > git status -z -uall [24ms]
2025-04-30 16:21:09.348 [info] > git config --get commit.template [4ms]
2025-04-30 16:21:09.349 [info] > git for-each-ref --format=%(refname)%00%(upstream:short)%00%(objectname)%00%(upstream:track)%00%(upstream:remotename)%00%(upstream:remoteref) refs/heads/main refs/remotes/main [2ms]
2025-04-30 16:21:09.357 [info] > git for-each-ref --sort -committerdate --format %(refname)%00%(objectname)%00%(*objectname) [1ms]
2025-04-30 16:21:09.375 [info] > git status -z -uall [23ms]
2025-04-30 16:21:14.413 [info] > git config --get commit.template [5ms]
2025-04-30 16:21:14.413 [info] > git for-each-ref --format=%(refname)%00%(upstream:short)%00%(objectname)%00%(upstream:track)%00%(upstream:remotename)%00%(upstream:remoteref) refs/heads/main refs/remotes/main [1ms]
2025-04-30 16:21:14.421 [info] > git for-each-ref --sort -committerdate --format %(refname)%00%(objectname)%00%(*objectname) [1ms]
2025-04-30 16:21:14.439 [info] > git status -z -uall [23ms]
2025-04-30 16:21:19.473 [info] > git config --get commit.template [3ms]
2025-04-30 16:21:19.474 [info] > git for-each-ref --format=%(refname)%00%(upstream:short)%00%(objectname)%00%(upstream:track)%00%(upstream:remotename)%00%(upstream:remoteref) refs/heads/main refs/remotes/main [1ms]
2025-04-30 16:21:19.483 [info] > git for-each-ref --sort -committerdate --format %(refname)%00%(objectname)%00%(*objectname) [1ms]
2025-04-30 16:21:19.500 [info] > git status -z -uall [21ms]
2025-04-30 16:22:16.964 [info] > git config --get commit.template [4ms]
2025-04-30 16:22:16.966 [info] > git for-each-ref --format=%(refname)%00%(upstream:short)%00%(objectname)%00%(upstream:track)%00%(upstream:remotename)%00%(upstream:remoteref) refs/heads/main refs/remotes/main [2ms]
2025-04-30 16:22:16.976 [info] > git for-each-ref --sort -committerdate --format %(refname)%00%(objectname)%00%(*objectname) [2ms]
2025-04-30 16:22:16.995 [info] > git status -z -uall [25ms]
2025-04-30 16:22:22.034 [info] > git for-each-ref --format=%(refname)%00%(upstream:short)%00%(objectname)%00%(upstream:track)%00%(upstream:remotename)%00%(upstream:remoteref) refs/heads/main refs/remotes/main [1ms]
2025-04-30 16:22:22.034 [info] > git config --get commit.template [7ms]
2025-04-30 16:22:22.074 [info] > git for-each-ref --sort -committerdate --format %(refname)%00%(objectname)%00%(*objectname) [11ms]
2025-04-30 16:22:22.085 [info] > git status -z -uall [29ms]
2025-04-30 16:22:27.122 [info] > git config --get commit.template [4ms]
2025-04-30 16:22:27.123 [info] > git for-each-ref --format=%(refname)%00%(upstream:short)%00%(objectname)%00%(upstream:track)%00%(upstream:remotename)%00%(upstream:remoteref) refs/heads/main refs/remotes/main [1ms]
2025-04-30 16:22:27.131 [info] > git for-each-ref --sort -committerdate --format %(refname)%00%(objectname)%00%(*objectname) [2ms]
2025-04-30 16:22:27.148 [info] > git status -z -uall [22ms]
2025-04-30 16:22:32.188 [info] > git config --get commit.template [3ms]
2025-04-30 16:22:32.189 [info] > git for-each-ref --format=%(refname)%00%(upstream:short)%00%(objectname)%00%(upstream:track)%00%(upstream:remotename)%00%(upstream:remoteref) refs/heads/main refs/remotes/main [1ms]
2025-04-30 16:22:32.197 [info] > git for-each-ref --sort -committerdate --format %(refname)%00%(objectname)%00%(*objectname) [2ms]
2025-04-30 16:22:32.214 [info] > git status -z -uall [22ms]
2025-04-30 16:22:37.247 [info] > git config --get commit.template [3ms]
2025-04-30 16:22:37.248 [info] > git for-each-ref --format=%(refname)%00%(upstream:short)%00%(objectname)%00%(upstream:track)%00%(upstream:remotename)%00%(upstream:remoteref) refs/heads/main refs/remotes/main [1ms]
2025-04-30 16:22:37.256 [info] > git for-each-ref --sort -committerdate --format %(refname)%00%(objectname)%00%(*objectname) [1ms]
2025-04-30 16:22:37.274 [info] > git status -z -uall [23ms]
2025-04-30 16:22:42.310 [info] > git config --get commit.template [4ms]
2025-04-30 16:22:42.311 [info] > git for-each-ref --format=%(refname)%00%(upstream:short)%00%(objectname)%00%(upstream:track)%00%(upstream:remotename)%00%(upstream:remoteref) refs/heads/main refs/remotes/main [2ms]
2025-04-30 16:22:42.320 [info] > git for-each-ref --sort -committerdate --format %(refname)%00%(objectname)%00%(*objectname) [1ms]
2025-04-30 16:22:42.339 [info] > git status -z -uall [24ms]
2025-04-30 16:22:47.375 [info] > git config --get commit.template [3ms]
2025-04-30 16:22:47.376 [info] > git for-each-ref --format=%(refname)%00%(upstream:short)%00%(objectname)%00%(upstream:track)%00%(upstream:remotename)%00%(upstream:remoteref) refs/heads/main refs/remotes/main [1ms]
2025-04-30 16:22:47.384 [info] > git for-each-ref --sort -committerdate --format %(refname)%00%(objectname)%00%(*objectname) [1ms]
2025-04-30 16:22:47.399 [info] > git status -z -uall [20ms]
2025-04-30 16:22:52.429 [info] > git config --get commit.template [3ms]
2025-04-30 16:22:52.430 [info] > git for-each-ref --format=%(refname)%00%(upstream:short)%00%(objectname)%00%(upstream:track)%00%(upstream:remotename)%00%(upstream:remoteref) refs/heads/main refs/remotes/main [1ms]
2025-04-30 16:22:52.438 [info] > git for-each-ref --sort -committerdate --format %(refname)%00%(objectname)%00%(*objectname) [1ms]
2025-04-30 16:22:52.454 [info] > git status -z -uall [21ms]
2025-04-30 16:23:02.522 [info] > git config --get commit.template [4ms]
2025-04-30 16:23:02.523 [info] > git for-each-ref --format=%(refname)%00%(upstream:short)%00%(objectname)%00%(upstream:track)%00%(upstream:remotename)%00%(upstream:remoteref) refs/heads/main refs/remotes/main [2ms]
2025-04-30 16:23:02.530 [info] > git for-each-ref --sort -committerdate --format %(refname)%00%(objectname)%00%(*objectname) [1ms]
2025-04-30 16:23:02.544 [info] > git status -z -uall [18ms]
2025-04-30 16:23:07.568 [info] > git config --get commit.template [3ms]
2025-04-30 16:23:07.569 [info] > git for-each-ref --format=%(refname)%00%(upstream:short)%00%(objectname)%00%(upstream:track)%00%(upstream:remotename)%00%(upstream:remoteref) refs/heads/main refs/remotes/main [1ms]
2025-04-30 16:23:07.577 [info] > git for-each-ref --sort -committerdate --format %(refname)%00%(objectname)%00%(*objectname) [2ms]
2025-04-30 16:23:07.596 [info] > git status -z -uall [24ms]
2025-04-30 16:23:12.646 [info] > git config --get commit.template [5ms]
2025-04-30 16:23:12.647 [info] > git for-each-ref --format=%(refname)%00%(upstream:short)%00%(objectname)%00%(upstream:track)%00%(upstream:remotename)%00%(upstream:remoteref) refs/heads/main refs/remotes/main [2ms]
2025-04-30 16:23:12.658 [info] > git for-each-ref --sort -committerdate --format %(refname)%00%(objectname)%00%(*objectname) [1ms]
2025-04-30 16:23:12.676 [info] > git status -z -uall [25ms]
